[debug] [2021-11-18T23:40:23.423Z] ----------------------------------------------------------------------
[debug] [2021-11-18T23:40:23.425Z] Command:       C:\Program Files\nodejs\node.exe C:\Users\anika\AppData\Roaming\npm\node_modules\firebase-tools\lib\bin\firebase.js init
[debug] [2021-11-18T23:40:23.425Z] CLI Version:   9.22.0
[debug] [2021-11-18T23:40:23.426Z] Platform:      win32
[debug] [2021-11-18T23:40:23.426Z] Node Version:  v14.18.1
[debug] [2021-11-18T23:40:23.426Z] Time:          Thu Nov 18 2021 15:40:23 GMT-0800 (Pacific Standard Time)
[debug] [2021-11-18T23:40:23.426Z] ----------------------------------------------------------------------
[debug] 
[debug] [2021-11-18T23:40:23.478Z] > command requires scopes: ["email","openid","https://www.googleapis.com/auth/cloudplatformprojects.readonly","https://www.googleapis.com/auth/firebase","https://www.googleapis.com/auth/cloud-platform"]
[debug] [2021-11-18T23:40:23.478Z] > authorizing via signed-in user (amisra@ucsb.edu)
[info] 
     ######## #### ########  ######## ########     ###     ######  ########
     ##        ##  ##     ## ##       ##     ##  ##   ##  ##       ##
     ######    ##  ########  ######   ########  #########  ######  ######
     ##        ##  ##    ##  ##       ##     ## ##     ##       ## ##
     ##       #### ##     ## ######## ########  ##     ##  ######  ########

You're about to initialize a Firebase project in this directory:

  C:\Users\anika\FancyMoodInMusic\client

Before we get started, keep in mind:

  * You are initializing within an existing Firebase project directory

[info] 
=== Project Setup
[info] 
[info] First, let's associate this project directory with a Firebase project.
[info] You can create multiple project aliases by running firebase use --add, 
[info] but for now we'll just set up a default project.
[info] 
[info] i  .firebaserc already has a default project, using winter-project-series-8b352. 
[debug] [2021-11-18T23:40:28.656Z] >>> [apiv2][query] GET https://firebase.googleapis.com/v1beta1/projects/winter-project-series-8b352 [none]
[debug] [2021-11-18T23:40:29.140Z] <<< [apiv2][status] GET https://firebase.googleapis.com/v1beta1/projects/winter-project-series-8b352 403
[debug] [2021-11-18T23:40:29.140Z] <<< [apiv2][body] GET https://firebase.googleapis.com/v1beta1/projects/winter-project-series-8b352 {"error":{"code":403,"message":"The caller does not have permission","status":"PERMISSION_DENIED"}}
[debug] [2021-11-18T23:40:29.141Z] HTTP Error: 403, The caller does not have permission
[debug] [2021-11-18T23:40:29.144Z] FirebaseError: HTTP Error: 403, The caller does not have permission
    at module.exports (C:\Users\anika\AppData\Roaming\npm\node_modules\firebase-tools\lib\responseToError.js:38:12)
    at Client.doRequest (C:\Users\anika\AppData\Roaming\npm\node_modules\firebase-tools\lib\apiv2.js:241:23)
    at processTicksAndRejections (internal/process/task_queues.js:95:5)
    at async Client.request (C:\Users\anika\AppData\Roaming\npm\node_modules\firebase-tools\lib\apiv2.js:96:20)
    at async Object.getFirebaseProject (C:\Users\anika\AppData\Roaming\npm\node_modules\firebase-tools\lib\management\projects.js:290:21)
    at async Object.doSetup [as project] (C:\Users\anika\AppData\Roaming\npm\node_modules\firebase-tools\lib\init\features\project.js:77:27)
    at async init (C:\Users\anika\AppData\Roaming\npm\node_modules\firebase-tools\lib\init\index.js:19:9)
[error] 
[error] Error: Failed to get Firebase project winter-project-series-8b352. Please make sure the project exists and your account has permission to access it.
